475 : 2024-12-26 11:18:30,487 : INFO : telemetry.main : Attempt start. Configuration directory [/home/ashokdevops/.azure]. Cache directory [/home/ashokdevops/.azure/telemetry/20241226111830380].
475 : 2024-12-26 11:18:30,487 : INFO : telemetry.records : 1 cache files to upload.
475 : 2024-12-26 11:18:30,487 : INFO : telemetry.records : Processed file /home/ashokdevops/.azure/telemetry/20241226111830380/cache into 1 records.
475 : 2024-12-26 11:18:30,487 : INFO : telemetry.records : Remove directory /home/ashokdevops/.azure/telemetry/20241226111830380
475 : 2024-12-26 11:18:30,488 : INFO : telemetry.client : Accumulated 1 events. Flush the clients.
475 : 2024-12-26 11:18:30,488 : INFO : telemetry.client : Flush client c4395b75-49cc-422c-bc95-c7d51aef5d46.
475 : 2024-12-26 11:18:31,246 : INFO : telemetry.sender : Sending 4326 bytes
475 : 2024-12-26 11:18:31,246 : INFO : telemetry.sender : Finish uploading in 0.757565 seconds.
500 : 2024-12-26 11:18:32,501 : INFO : telemetry.main : Attempt start. Configuration directory [/home/ashokdevops/.azure]. Cache directory [/home/ashokdevops/.azure/telemetry/20241226111832327].
500 : 2024-12-26 11:18:32,502 : INFO : telemetry.records : 1 cache files to upload.
500 : 2024-12-26 11:18:32,502 : INFO : telemetry.records : Processed file /home/ashokdevops/.azure/telemetry/20241226111832327/cache into 1 records.
500 : 2024-12-26 11:18:32,502 : INFO : telemetry.records : Remove directory /home/ashokdevops/.azure/telemetry/20241226111832327
500 : 2024-12-26 11:18:32,503 : INFO : telemetry.client : Accumulated 1 events. Flush the clients.
500 : 2024-12-26 11:18:32,503 : INFO : telemetry.client : Flush client c4395b75-49cc-422c-bc95-c7d51aef5d46.
509 : 2024-12-26 11:18:32,728 : INFO : telemetry.main : Attempt start. Configuration directory [/home/ashokdevops/.azure]. Cache directory [/home/ashokdevops/.azure/telemetry/20241226111832547].
509 : 2024-12-26 11:18:32,728 : INFO : telemetry.records : 1 cache files to upload.
509 : 2024-12-26 11:18:32,729 : INFO : telemetry.records : Processed file /home/ashokdevops/.azure/telemetry/20241226111832547/cache into 1 records.
509 : 2024-12-26 11:18:32,729 : INFO : telemetry.records : Remove directory /home/ashokdevops/.azure/telemetry/20241226111832547
509 : 2024-12-26 11:18:32,730 : INFO : telemetry.client : Accumulated 1 events. Flush the clients.
509 : 2024-12-26 11:18:32,731 : INFO : telemetry.client : Flush client c4395b75-49cc-422c-bc95-c7d51aef5d46.
500 : 2024-12-26 11:18:33,187 : INFO : telemetry.sender : Sending 4224 bytes
500 : 2024-12-26 11:18:33,187 : INFO : telemetry.sender : Finish uploading in 0.683889 seconds.
509 : 2024-12-26 11:18:33,489 : INFO : telemetry.sender : Sending 4307 bytes
509 : 2024-12-26 11:18:33,489 : INFO : telemetry.sender : Finish uploading in 0.757918 seconds.
546 : 2024-12-26 11:18:34,184 : INFO : telemetry.main : Attempt start. Configuration directory [/home/ashokdevops/.azure]. Cache directory [/home/ashokdevops/.azure/telemetry/20241226111834045].
546 : 2024-12-26 11:18:34,184 : INFO : telemetry.records : 1 cache files to upload.
546 : 2024-12-26 11:18:34,184 : INFO : telemetry.records : Processed file /home/ashokdevops/.azure/telemetry/20241226111834045/cache into 1 records.
546 : 2024-12-26 11:18:34,184 : INFO : telemetry.records : Remove directory /home/ashokdevops/.azure/telemetry/20241226111834045
546 : 2024-12-26 11:18:34,185 : INFO : telemetry.client : Accumulated 1 events. Flush the clients.
546 : 2024-12-26 11:18:34,185 : INFO : telemetry.client : Flush client c4395b75-49cc-422c-bc95-c7d51aef5d46.
546 : 2024-12-26 11:18:34,903 : INFO : telemetry.sender : Sending 4339 bytes
546 : 2024-12-26 11:18:34,903 : INFO : telemetry.sender : Finish uploading in 0.718437 seconds.
597 : 2024-12-26 11:18:58,699 : INFO : telemetry.main : Attempt start. Configuration directory [/home/ashokdevops/.azure]. Cache directory [/home/ashokdevops/.azure/telemetry/20241226111858607].
597 : 2024-12-26 11:18:58,699 : INFO : telemetry.records : 1 cache files to upload.
597 : 2024-12-26 11:18:58,699 : INFO : telemetry.records : Processed file /home/ashokdevops/.azure/telemetry/20241226111858607/cache into 1 records.
597 : 2024-12-26 11:18:58,700 : INFO : telemetry.records : Remove directory /home/ashokdevops/.azure/telemetry/20241226111858607
597 : 2024-12-26 11:18:58,700 : INFO : telemetry.client : Accumulated 1 events. Flush the clients.
597 : 2024-12-26 11:18:58,700 : INFO : telemetry.client : Flush client c4395b75-49cc-422c-bc95-c7d51aef5d46.
597 : 2024-12-26 11:18:59,400 : INFO : telemetry.sender : Sending 4223 bytes
597 : 2024-12-26 11:18:59,400 : INFO : telemetry.sender : Finish uploading in 0.700013 seconds.
611 : 2024-12-26 11:19:14,154 : INFO : telemetry.main : Attempt start. Configuration directory [/home/ashokdevops/.azure]. Cache directory [/home/ashokdevops/.azure/telemetry/20241226111913966].
611 : 2024-12-26 11:19:14,154 : INFO : telemetry.records : 1 cache files to upload.
611 : 2024-12-26 11:19:14,154 : INFO : telemetry.records : Processed file /home/ashokdevops/.azure/telemetry/20241226111913966/cache into 1 records.
611 : 2024-12-26 11:19:14,155 : INFO : telemetry.records : Remove directory /home/ashokdevops/.azure/telemetry/20241226111913966
611 : 2024-12-26 11:19:14,155 : INFO : telemetry.client : Accumulated 1 events. Flush the clients.
611 : 2024-12-26 11:19:14,155 : INFO : telemetry.client : Flush client c4395b75-49cc-422c-bc95-c7d51aef5d46.
611 : 2024-12-26 11:19:14,818 : INFO : telemetry.sender : Sending 4367 bytes
611 : 2024-12-26 11:19:14,818 : INFO : telemetry.sender : Finish uploading in 0.662722 seconds.
752 : 2024-12-26 11:20:49,511 : INFO : telemetry.main : Attempt start. Configuration directory [/home/ashokdevops/.azure]. Cache directory [/home/ashokdevops/.azure/telemetry/20241226112049269].
752 : 2024-12-26 11:20:49,512 : INFO : telemetry.records : 1 cache files to upload.
752 : 2024-12-26 11:20:49,512 : INFO : telemetry.records : Processed file /home/ashokdevops/.azure/telemetry/20241226112049269/cache into 1 records.
752 : 2024-12-26 11:20:49,512 : INFO : telemetry.records : Remove directory /home/ashokdevops/.azure/telemetry/20241226112049269
752 : 2024-12-26 11:20:49,513 : INFO : telemetry.client : Accumulated 1 events. Flush the clients.
752 : 2024-12-26 11:20:49,513 : INFO : telemetry.client : Flush client c4395b75-49cc-422c-bc95-c7d51aef5d46.
766 : 2024-12-26 11:20:49,801 : INFO : telemetry.main : Attempt start. Configuration directory [/home/ashokdevops/.azure]. Cache directory [/home/ashokdevops/.azure/telemetry/20241226112049588].
766 : 2024-12-26 11:20:49,802 : INFO : telemetry.records : 1 cache files to upload.
766 : 2024-12-26 11:20:49,802 : INFO : telemetry.records : Processed file /home/ashokdevops/.azure/telemetry/20241226112049588/cache into 1 records.
766 : 2024-12-26 11:20:49,802 : INFO : telemetry.records : Remove directory /home/ashokdevops/.azure/telemetry/20241226112049588
766 : 2024-12-26 11:20:49,803 : INFO : telemetry.client : Accumulated 1 events. Flush the clients.
766 : 2024-12-26 11:20:49,803 : INFO : telemetry.client : Flush client c4395b75-49cc-422c-bc95-c7d51aef5d46.
752 : 2024-12-26 11:20:50,246 : INFO : telemetry.sender : Sending 4223 bytes
752 : 2024-12-26 11:20:50,246 : INFO : telemetry.sender : Finish uploading in 0.732788 seconds.
766 : 2024-12-26 11:20:50,537 : INFO : telemetry.sender : Sending 4223 bytes
766 : 2024-12-26 11:20:50,537 : INFO : telemetry.sender : Finish uploading in 0.733515 seconds.
780 : 2024-12-26 11:20:51,702 : INFO : telemetry.main : Attempt start. Configuration directory [/home/ashokdevops/.azure]. Cache directory [/home/ashokdevops/.azure/telemetry/20241226112051581].
780 : 2024-12-26 11:20:51,702 : INFO : telemetry.records : 1 cache files to upload.
780 : 2024-12-26 11:20:51,702 : INFO : telemetry.records : Processed file /home/ashokdevops/.azure/telemetry/20241226112051581/cache into 1 records.
780 : 2024-12-26 11:20:51,703 : INFO : telemetry.records : Remove directory /home/ashokdevops/.azure/telemetry/20241226112051581
780 : 2024-12-26 11:20:51,703 : INFO : telemetry.client : Accumulated 1 events. Flush the clients.
780 : 2024-12-26 11:20:51,703 : INFO : telemetry.client : Flush client c4395b75-49cc-422c-bc95-c7d51aef5d46.
788 : 2024-12-26 11:20:52,000 : INFO : telemetry.main : Attempt start. Configuration directory [/home/ashokdevops/.azure]. Cache directory [/home/ashokdevops/.azure/telemetry/20241226112051893].
788 : 2024-12-26 11:20:52,000 : INFO : telemetry.records : 1 cache files to upload.
788 : 2024-12-26 11:20:52,000 : INFO : telemetry.records : Processed file /home/ashokdevops/.azure/telemetry/20241226112051893/cache into 1 records.
788 : 2024-12-26 11:20:52,000 : INFO : telemetry.records : Remove directory /home/ashokdevops/.azure/telemetry/20241226112051893
788 : 2024-12-26 11:20:52,001 : INFO : telemetry.client : Accumulated 1 events. Flush the clients.
788 : 2024-12-26 11:20:52,001 : INFO : telemetry.client : Flush client c4395b75-49cc-422c-bc95-c7d51aef5d46.
780 : 2024-12-26 11:20:52,363 : INFO : telemetry.sender : Sending 4367 bytes
780 : 2024-12-26 11:20:52,363 : INFO : telemetry.sender : Finish uploading in 0.659196 seconds.
788 : 2024-12-26 11:20:52,707 : INFO : telemetry.sender : Sending 4367 bytes
788 : 2024-12-26 11:20:52,707 : INFO : telemetry.sender : Finish uploading in 0.705697 seconds.
882 : 2024-12-26 11:22:19,789 : INFO : telemetry.main : Attempt start. Configuration directory [/home/ashokdevops/.azure]. Cache directory [/home/ashokdevops/.azure/telemetry/20241226112219697].
882 : 2024-12-26 11:22:19,789 : INFO : telemetry.records : 1 cache files to upload.
882 : 2024-12-26 11:22:19,789 : INFO : telemetry.records : Processed file /home/ashokdevops/.azure/telemetry/20241226112219697/cache into 1 records.
882 : 2024-12-26 11:22:19,789 : INFO : telemetry.records : Remove directory /home/ashokdevops/.azure/telemetry/20241226112219697
882 : 2024-12-26 11:22:19,790 : INFO : telemetry.client : Accumulated 1 events. Flush the clients.
882 : 2024-12-26 11:22:19,790 : INFO : telemetry.client : Flush client c4395b75-49cc-422c-bc95-c7d51aef5d46.
882 : 2024-12-26 11:22:20,491 : INFO : telemetry.sender : Sending 4223 bytes
882 : 2024-12-26 11:22:20,491 : INFO : telemetry.sender : Finish uploading in 0.700967 seconds.
909 : 2024-12-26 11:22:29,808 : INFO : telemetry.main : Attempt start. Configuration directory [/home/ashokdevops/.azure]. Cache directory [/home/ashokdevops/.azure/telemetry/20241226112229705].
909 : 2024-12-26 11:22:29,808 : INFO : telemetry.records : 1 cache files to upload.
909 : 2024-12-26 11:22:29,809 : INFO : telemetry.records : Processed file /home/ashokdevops/.azure/telemetry/20241226112229705/cache into 1 records.
909 : 2024-12-26 11:22:29,809 : INFO : telemetry.records : Remove directory /home/ashokdevops/.azure/telemetry/20241226112229705
909 : 2024-12-26 11:22:29,809 : INFO : telemetry.client : Accumulated 1 events. Flush the clients.
909 : 2024-12-26 11:22:29,809 : INFO : telemetry.client : Flush client c4395b75-49cc-422c-bc95-c7d51aef5d46.
909 : 2024-12-26 11:22:30,461 : INFO : telemetry.sender : Sending 4367 bytes
909 : 2024-12-26 11:22:30,461 : INFO : telemetry.sender : Finish uploading in 0.651770 seconds.
1283 : 2024-12-26 11:33:34,833 : INFO : telemetry.main : Attempt start. Configuration directory [/home/ashokdevops/.azure]. Cache directory [/home/ashokdevops/.azure/telemetry/20241226113334740].
1283 : 2024-12-26 11:33:34,834 : INFO : telemetry.records : 1 cache files to upload.
1283 : 2024-12-26 11:33:34,834 : INFO : telemetry.records : Processed file /home/ashokdevops/.azure/telemetry/20241226113334740/cache into 1 records.
1283 : 2024-12-26 11:33:34,834 : INFO : telemetry.records : Remove directory /home/ashokdevops/.azure/telemetry/20241226113334740
1283 : 2024-12-26 11:33:34,834 : INFO : telemetry.client : Accumulated 1 events. Flush the clients.
1283 : 2024-12-26 11:33:34,834 : INFO : telemetry.client : Flush client c4395b75-49cc-422c-bc95-c7d51aef5d46.
1283 : 2024-12-26 11:33:35,540 : INFO : telemetry.sender : Sending 4223 bytes
1283 : 2024-12-26 11:33:35,540 : INFO : telemetry.sender : Finish uploading in 0.705760 seconds.
1298 : 2024-12-26 11:33:44,427 : INFO : telemetry.main : Attempt start. Configuration directory [/home/ashokdevops/.azure]. Cache directory [/home/ashokdevops/.azure/telemetry/20241226113344324].
1298 : 2024-12-26 11:33:44,427 : INFO : telemetry.records : 1 cache files to upload.
1298 : 2024-12-26 11:33:44,427 : INFO : telemetry.records : Processed file /home/ashokdevops/.azure/telemetry/20241226113344324/cache into 1 records.
1298 : 2024-12-26 11:33:44,428 : INFO : telemetry.records : Remove directory /home/ashokdevops/.azure/telemetry/20241226113344324
1298 : 2024-12-26 11:33:44,428 : INFO : telemetry.client : Accumulated 1 events. Flush the clients.
1298 : 2024-12-26 11:33:44,428 : INFO : telemetry.client : Flush client c4395b75-49cc-422c-bc95-c7d51aef5d46.
1298 : 2024-12-26 11:33:45,127 : INFO : telemetry.sender : Sending 4367 bytes
1298 : 2024-12-26 11:33:45,127 : INFO : telemetry.sender : Finish uploading in 0.697994 seconds.
